-- The C compiler identification is GNU 11.4.0
-- The CXX compiler identification is GNU 11.4.0
-- Detecting C compiler ABI info
-- Detecting C compiler ABI info - done
-- Check for working C compiler: /usr/bin/cc - skipped
-- Detecting C compile features
-- Detecting C compile features - done
-- Detecting CXX compiler ABI info
-- Detecting CXX compiler ABI info - done
-- Check for working CXX compiler: /usr/bin/c++ - skipped
-- Detecting CXX compile features
-- Detecting CXX compile features - done
-- Information: cisst has been found in "/home/utc_sim/ros2_dvrk/install/cisst/", headers are in "/home/utc_sim/ros2_dvrk/install/cisst//include"
-- Performing Test CXX_SUPPORTS_WEXTRA
-- Performing Test CXX_SUPPORTS_WEXTRA - Success
-- Performing Test CXX_SUPPORTS_WALL
-- Performing Test CXX_SUPPORTS_WALL - Success
-- Information: cisst has been found in "/home/utc_sim/ros2_dvrk/install/cisst/", headers are in "/home/utc_sim/ros2_dvrk/install/cisst//include"
-- Assuming cisst is built using ROS/catkin since ROS_ROOT is defined in environment
-- CATKIN_DEVEL_PREFIX is not defined so assuming this is NOT a ROS/catkin build after all
-- Assuming cisst is built using ROS2/colcon since ROS_VERSION is 2
-- Assuming cisst is built using ROS/catkin since ROS_ROOT is defined in environment
-- CATKIN_DEVEL_PREFIX is not defined so assuming this is NOT a ROS/catkin build after all
-- Information: cisst has been found in "/home/utc_sim/ros2_dvrk/install/cisst/", headers are in "/home/utc_sim/ros2_dvrk/install/cisst//include"
-- Assuming cisst is built using ROS/catkin since ROS_ROOT is defined in environment
-- CATKIN_DEVEL_PREFIX is not defined so assuming this is NOT a ROS/catkin build after all
-- Information: cisst has been found in "/home/utc_sim/ros2_dvrk/install/cisst/", headers are in "/home/utc_sim/ros2_dvrk/install/cisst//include"
-- Assuming cisst is built using ROS/catkin since ROS_ROOT is defined in environment
-- CATKIN_DEVEL_PREFIX is not defined so assuming this is NOT a ROS/catkin build after all
-- Information: cisst has been found in "/home/utc_sim/ros2_dvrk/install/cisst/", headers are in "/home/utc_sim/ros2_dvrk/install/cisst//include"
-- Assuming cisst is built using ROS/catkin since ROS_ROOT is defined in environment
-- CATKIN_DEVEL_PREFIX is not defined so assuming this is NOT a ROS/catkin build after all
-- Assuming cisst is built using ROS2/colcon since ROS_VERSION is 2
-- Information: cisst has been found in "/home/utc_sim/ros2_dvrk/install/cisst/", headers are in "/home/utc_sim/ros2_dvrk/install/cisst//include"
-- Assuming cisst is built using ROS/catkin since ROS_ROOT is defined in environment
-- CATKIN_DEVEL_PREFIX is not defined so assuming this is NOT a ROS/catkin build after all
-- Assuming cisst is built using ROS2/colcon since ROS_VERSION is 2
-- Information: cisst has been found in "/home/utc_sim/ros2_dvrk/install/cisst/", headers are in "/home/utc_sim/ros2_dvrk/install/cisst//include"
-- Assuming cisst is built using ROS/catkin since ROS_ROOT is defined in environment
-- CATKIN_DEVEL_PREFIX is not defined so assuming this is NOT a ROS/catkin build after all
-- Assuming cisst is built using ROS2/colcon since ROS_VERSION is 2
-- Information: cisst has been found in "/home/utc_sim/ros2_dvrk/install/cisst/", headers are in "/home/utc_sim/ros2_dvrk/install/cisst//include"
-- Assuming cisst is built using ROS/catkin since ROS_ROOT is defined in environment
-- CATKIN_DEVEL_PREFIX is not defined so assuming this is NOT a ROS/catkin build after all
-- Assuming cisst is built using ROS2/colcon since ROS_VERSION is 2
-- Information: cisst has been found in "/home/utc_sim/ros2_dvrk/install/cisst/", headers are in "/home/utc_sim/ros2_dvrk/install/cisst//include"
[33mCMake Warning at /home/utc_sim/ros2_dvrk/install/cisst/share/cisst-1.4/cmake/cisst-config.cmake:143 (message):
  find_package: cisst library "cisstCommonQt" doesn't exist or hasn't been
  compiled
Call Stack (most recent call first):
  applications/system-config-wizard/CMakeLists.txt:24 (find_package)

[0m
[33mCMake Warning at /home/utc_sim/ros2_dvrk/install/cisst/share/cisst-1.4/cmake/cisst-config.cmake:141 (message):
  find_package: cisst library "cisstQt" doesn't exist or hasn't been
  compiled, use the flag CISST_HAS_QT to compile it
Call Stack (most recent call first):
  applications/system-config-wizard/CMakeLists.txt:24 (find_package)

[0m
-- Information: cisst has been found in "/home/utc_sim/ros2_dvrk/install/cisst/", headers are in "/home/utc_sim/ros2_dvrk/install/cisst//include"
[33mCMake Warning at /home/utc_sim/ros2_dvrk/install/cisst/share/cisst-1.4/cmake/cisst-config.cmake:143 (message):
  find_package: cisst library "cisstCommonQt" doesn't exist or hasn't been
  compiled
Call Stack (most recent call first):
  applications/CMakeLists.txt:43 (find_package)

[0m
[33mCMake Warning at /home/utc_sim/ros2_dvrk/install/cisst/share/cisst-1.4/cmake/cisst-config.cmake:143 (message):
  find_package: cisst library "cisstVectorQt" doesn't exist or hasn't been
  compiled
Call Stack (most recent call first):
  applications/CMakeLists.txt:43 (find_package)

[0m
[33mCMake Warning at /home/utc_sim/ros2_dvrk/install/cisst/share/cisst-1.4/cmake/cisst-config.cmake:143 (message):
  find_package: cisst library "cisstMultiTaskQt" doesn't exist or hasn't been
  compiled
Call Stack (most recent call first):
  applications/CMakeLists.txt:43 (find_package)

[0m
[33mCMake Warning at /home/utc_sim/ros2_dvrk/install/cisst/share/cisst-1.4/cmake/cisst-config.cmake:143 (message):
  find_package: cisst library "cisstParameterTypesQt" doesn't exist or hasn't
  been compiled
Call Stack (most recent call first):
  applications/CMakeLists.txt:43 (find_package)

[0m
[33mCMake Warning at /home/utc_sim/ros2_dvrk/install/cisst/share/cisst-1.4/cmake/cisst-config.cmake:141 (message):
  find_package: cisst library "cisstQt" doesn't exist or hasn't been
  compiled, use the flag CISST_HAS_QT to compile it
Call Stack (most recent call first):
  applications/CMakeLists.txt:43 (find_package)

[0m
-- Information: cisst has been found in "/home/utc_sim/ros2_dvrk/install/cisst/", headers are in "/home/utc_sim/ros2_dvrk/install/cisst//include"
-- Assuming cisst is built using ROS/catkin since ROS_ROOT is defined in environment
-- CATKIN_DEVEL_PREFIX is not defined so assuming this is NOT a ROS/catkin build after all
-- Assuming cisst is built using ROS2/colcon since ROS_VERSION is 2
-- Configuring done
-- Generating done
-- Build files have been written to: /home/utc_sim/ros2_dvrk/build/sawIntuitiveResearchKitCore
[  1%] [34m[1mCreating directories for 'gattlibExternal'[0m
[  2%] [34m[1mPerforming download step (git clone) for 'gattlibExternal'[0m
Cloning into 'gattlibExternal'...
HEAD is now at 33a8a27 gattlib-py: Fix/Handle returned error code
[  3%] [34m[1mNo update step for 'gattlibExternal'[0m
[  4%] [34m[1mNo patch step for 'gattlibExternal'[0m
[  5%] [34m[1mPerforming configure step for 'gattlibExternal'[0m
loading initial cache file /home/utc_sim/ros2_dvrk/build/sawIntuitiveResearchKitCore/components/gattlib/tmp/gattlibExternal-cache-Release.cmake
-- The C compiler identification is GNU 11.4.0
-- The CXX compiler identification is GNU 11.4.0
-- Detecting C compiler ABI info
-- Detecting C compiler ABI info - done
-- Check for working C compiler: /usr/bin/cc - skipped
-- Detecting C compile features
-- Detecting C compile features - done
-- Detecting CXX compiler ABI info
-- Detecting CXX compiler ABI info - done
-- Check for working CXX compiler: /usr/bin/c++ - skipped
-- Detecting CXX compile features
-- Detecting CXX compile features - done
-- Found PkgConfig: /usr/bin/pkg-config (found version "0.29.2") 
-- Could NOT find Doxygen (missing: DOXYGEN_EXECUTABLE) 
-- Checking for one of the modules 'bluez'
[31mCMake Error at CMakeLists.txt:37 (message):
  Please install 'libbluetooth-dev'

[0m
-- Configuring incomplete, errors occurred!
See also "/home/utc_sim/ros2_dvrk/build/sawIntuitiveResearchKitCore/components/gattlib/src/gattlibExternal-build/CMakeFiles/CMakeOutput.log".
gmake[2]: *** [components/CMakeFiles/gattlibExternal.dir/build.make:93: components/gattlib/src/gattlibExternal-stamp/gattlibExternal-configure] Error 1
gmake[1]: *** [CMakeFiles/Makefile2:274: components/CMakeFiles/gattlibExternal.dir/all] Error 2
gmake: *** [Makefile:156: all] Error 2
