[0.035s] Invoking command in '/home/utc_sim/ros2_dvrk/build/sawIntuitiveResearchKitCore': CISST_ROOT=/home/utc_sim/ros2_dvrk/install/cisst CMAKE_PREFIX_PATH=/home/utc_sim/ros2_dvrk/install/sawTextToSpeechAll:/home/utc_sim/ros2_dvrk/install/sawControllersCore:/home/utc_sim/ros2_dvrk/install/sawRobotIO1394Core:/home/utc_sim/ros2_dvrk/install/sawKeyboardAll:/home/utc_sim/ros2_dvrk/install/cisst:/home/utc_sim/ros2_dvrk/install/cisstNetlib:/opt/ros/humble:/opt/ros/humble LD_LIBRARY_PATH=/home/utc_sim/ros2_dvrk/install/sawTextToSpeechAll/lib:/home/utc_sim/ros2_dvrk/install/sawControllersCore/lib:/home/utc_sim/ros2_dvrk/install/sawRobotIO1394Core/lib:/home/utc_sim/ros2_dvrk/install/sawKeyboardAll/lib:/home/utc_sim/ros2_dvrk/install/cisst/lib:/home/utc_sim/ros2_dvrk/install/cisst/lib:${LD_LIBRARY_PATH} PATH=/home/utc_sim/ros2_dvrk/install/sawTextToSpeechAll/bin:/home/utc_sim/ros2_dvrk/install/sawControllersCore/bin:/home/utc_sim/ros2_dvrk/install/sawRobotIO1394Core/bin:/home/utc_sim/ros2_dvrk/install/cisst/bin:/home/utc_sim/ros2_dvrk/install/cisst/bin:${PATH} PKG_CONFIG_PATH=/home/utc_sim/ros2_dvrk/install/cisst/lib/aarch64-linux-gnu/pkgconfig:/home/utc_sim/ros2_dvrk/install/cisst/lib/pkgconfig:/home/utc_sim/ros2_dvrk/install/cisstNetlib/lib/aarch64-linux-gnu/pkgconfig:/home/utc_sim/ros2_dvrk/install/cisstNetlib/lib/pkgconfig PYTHONPATH=/home/utc_sim/ros2_dvrk/install/cisst/lib:${PYTHONPATH} ROS_PACKAGE_PATH=/home/utc_sim/ros2_dvrk/install/cisst/share /usr/bin/cmake /home/utc_sim/ros2_dvrk/src/cisst-saw/sawIntuitiveResearchKit/core -DCMAKE_BUILD_TYPE=Release -DCMAKE_INSTALL_PREFIX=/home/utc_sim/ros2_dvrk/install/sawIntuitiveResearchKitCore
[0.091s] -- The C compiler identification is GNU 11.4.0
[0.150s] -- The CXX compiler identification is GNU 11.4.0
[0.156s] -- Detecting C compiler ABI info
[0.220s] -- Detecting C compiler ABI info - done
[0.225s] -- Check for working C compiler: /usr/bin/cc - skipped
[0.225s] -- Detecting C compile features
[0.226s] -- Detecting C compile features - done
[0.228s] -- Detecting CXX compiler ABI info
[0.298s] -- Detecting CXX compiler ABI info - done
[0.304s] -- Check for working CXX compiler: /usr/bin/c++ - skipped
[0.304s] -- Detecting CXX compile features
[0.305s] -- Detecting CXX compile features - done
[0.307s] -- Information: cisst has been found in "/home/utc_sim/ros2_dvrk/install/cisst/", headers are in "/home/utc_sim/ros2_dvrk/install/cisst//include"
[0.312s] -- Performing Test CXX_SUPPORTS_WEXTRA
[0.365s] -- Performing Test CXX_SUPPORTS_WEXTRA - Success
[0.366s] -- Performing Test CXX_SUPPORTS_WALL
[0.438s] -- Performing Test CXX_SUPPORTS_WALL - Success
[0.442s] -- Information: cisst has been found in "/home/utc_sim/ros2_dvrk/install/cisst/", headers are in "/home/utc_sim/ros2_dvrk/install/cisst//include"
[0.448s] -- Assuming cisst is built using ROS/catkin since ROS_ROOT is defined in environment
[0.448s] -- CATKIN_DEVEL_PREFIX is not defined so assuming this is NOT a ROS/catkin build after all
[0.448s] -- Assuming cisst is built using ROS2/colcon since ROS_VERSION is 2
[0.464s] -- Assuming cisst is built using ROS/catkin since ROS_ROOT is defined in environment
[0.464s] -- CATKIN_DEVEL_PREFIX is not defined so assuming this is NOT a ROS/catkin build after all
[0.472s] -- Information: cisst has been found in "/home/utc_sim/ros2_dvrk/install/cisst/", headers are in "/home/utc_sim/ros2_dvrk/install/cisst//include"
[0.478s] -- Assuming cisst is built using ROS/catkin since ROS_ROOT is defined in environment
[0.479s] -- CATKIN_DEVEL_PREFIX is not defined so assuming this is NOT a ROS/catkin build after all
[0.481s] -- Information: cisst has been found in "/home/utc_sim/ros2_dvrk/install/cisst/", headers are in "/home/utc_sim/ros2_dvrk/install/cisst//include"
[0.486s] -- Assuming cisst is built using ROS/catkin since ROS_ROOT is defined in environment
[0.486s] -- CATKIN_DEVEL_PREFIX is not defined so assuming this is NOT a ROS/catkin build after all
[0.489s] -- Information: cisst has been found in "/home/utc_sim/ros2_dvrk/install/cisst/", headers are in "/home/utc_sim/ros2_dvrk/install/cisst//include"
[0.494s] -- Assuming cisst is built using ROS/catkin since ROS_ROOT is defined in environment
[0.494s] -- CATKIN_DEVEL_PREFIX is not defined so assuming this is NOT a ROS/catkin build after all
[0.494s] -- Assuming cisst is built using ROS2/colcon since ROS_VERSION is 2
[0.496s] -- Information: cisst has been found in "/home/utc_sim/ros2_dvrk/install/cisst/", headers are in "/home/utc_sim/ros2_dvrk/install/cisst//include"
[0.500s] -- Assuming cisst is built using ROS/catkin since ROS_ROOT is defined in environment
[0.500s] -- CATKIN_DEVEL_PREFIX is not defined so assuming this is NOT a ROS/catkin build after all
[0.501s] -- Assuming cisst is built using ROS2/colcon since ROS_VERSION is 2
[0.501s] -- Information: cisst has been found in "/home/utc_sim/ros2_dvrk/install/cisst/", headers are in "/home/utc_sim/ros2_dvrk/install/cisst//include"
[0.506s] -- Assuming cisst is built using ROS/catkin since ROS_ROOT is defined in environment
[0.506s] -- CATKIN_DEVEL_PREFIX is not defined so assuming this is NOT a ROS/catkin build after all
[0.506s] -- Assuming cisst is built using ROS2/colcon since ROS_VERSION is 2
[0.507s] -- Information: cisst has been found in "/home/utc_sim/ros2_dvrk/install/cisst/", headers are in "/home/utc_sim/ros2_dvrk/install/cisst//include"
[0.515s] -- Assuming cisst is built using ROS/catkin since ROS_ROOT is defined in environment
[0.515s] -- CATKIN_DEVEL_PREFIX is not defined so assuming this is NOT a ROS/catkin build after all
[0.515s] -- Assuming cisst is built using ROS2/colcon since ROS_VERSION is 2
[0.515s] -- Information: cisst has been found in "/home/utc_sim/ros2_dvrk/install/cisst/", headers are in "/home/utc_sim/ros2_dvrk/install/cisst//include"
[0.516s] [33mCMake Warning at /home/utc_sim/ros2_dvrk/install/cisst/share/cisst-1.4/cmake/cisst-config.cmake:143 (message):
[0.516s]   find_package: cisst library "cisstCommonQt" doesn't exist or hasn't been
[0.516s]   compiled
[0.516s] Call Stack (most recent call first):
[0.516s]   applications/system-config-wizard/CMakeLists.txt:24 (find_package)
[0.516s] 
[0.516s] [0m
[0.516s] [33mCMake Warning at /home/utc_sim/ros2_dvrk/install/cisst/share/cisst-1.4/cmake/cisst-config.cmake:141 (message):
[0.516s]   find_package: cisst library "cisstQt" doesn't exist or hasn't been
[0.516s]   compiled, use the flag CISST_HAS_QT to compile it
[0.516s] Call Stack (most recent call first):
[0.516s]   applications/system-config-wizard/CMakeLists.txt:24 (find_package)
[0.516s] 
[0.516s] [0m
[0.516s] -- Information: cisst has been found in "/home/utc_sim/ros2_dvrk/install/cisst/", headers are in "/home/utc_sim/ros2_dvrk/install/cisst//include"
[0.517s] [33mCMake Warning at /home/utc_sim/ros2_dvrk/install/cisst/share/cisst-1.4/cmake/cisst-config.cmake:143 (message):
[0.517s]   find_package: cisst library "cisstCommonQt" doesn't exist or hasn't been
[0.517s]   compiled
[0.517s] Call Stack (most recent call first):
[0.517s]   applications/CMakeLists.txt:43 (find_package)
[0.517s] 
[0.517s] [0m
[0.517s] [33mCMake Warning at /home/utc_sim/ros2_dvrk/install/cisst/share/cisst-1.4/cmake/cisst-config.cmake:143 (message):
[0.517s]   find_package: cisst library "cisstVectorQt" doesn't exist or hasn't been
[0.517s]   compiled
[0.517s] Call Stack (most recent call first):
[0.517s]   applications/CMakeLists.txt:43 (find_package)
[0.517s] 
[0.517s] [0m
[0.517s] [33mCMake Warning at /home/utc_sim/ros2_dvrk/install/cisst/share/cisst-1.4/cmake/cisst-config.cmake:143 (message):
[0.517s]   find_package: cisst library "cisstMultiTaskQt" doesn't exist or hasn't been
[0.517s]   compiled
[0.517s] Call Stack (most recent call first):
[0.518s]   applications/CMakeLists.txt:43 (find_package)
[0.518s] 
[0.518s] [0m
[0.518s] [33mCMake Warning at /home/utc_sim/ros2_dvrk/install/cisst/share/cisst-1.4/cmake/cisst-config.cmake:143 (message):
[0.518s]   find_package: cisst library "cisstParameterTypesQt" doesn't exist or hasn't
[0.518s]   been compiled
[0.518s] Call Stack (most recent call first):
[0.518s]   applications/CMakeLists.txt:43 (find_package)
[0.518s] 
[0.518s] [0m
[0.518s] [33mCMake Warning at /home/utc_sim/ros2_dvrk/install/cisst/share/cisst-1.4/cmake/cisst-config.cmake:141 (message):
[0.518s]   find_package: cisst library "cisstQt" doesn't exist or hasn't been
[0.518s]   compiled, use the flag CISST_HAS_QT to compile it
[0.518s] Call Stack (most recent call first):
[0.518s]   applications/CMakeLists.txt:43 (find_package)
[0.518s] 
[0.518s] [0m
[0.518s] -- Information: cisst has been found in "/home/utc_sim/ros2_dvrk/install/cisst/", headers are in "/home/utc_sim/ros2_dvrk/install/cisst//include"
[0.524s] -- Assuming cisst is built using ROS/catkin since ROS_ROOT is defined in environment
[0.524s] -- CATKIN_DEVEL_PREFIX is not defined so assuming this is NOT a ROS/catkin build after all
[0.524s] -- Assuming cisst is built using ROS2/colcon since ROS_VERSION is 2
[0.534s] -- Configuring done
[0.562s] -- Generating done
[0.569s] -- Build files have been written to: /home/utc_sim/ros2_dvrk/build/sawIntuitiveResearchKitCore
[0.576s] Invoked command in '/home/utc_sim/ros2_dvrk/build/sawIntuitiveResearchKitCore' returned '0': CISST_ROOT=/home/utc_sim/ros2_dvrk/install/cisst CMAKE_PREFIX_PATH=/home/utc_sim/ros2_dvrk/install/sawTextToSpeechAll:/home/utc_sim/ros2_dvrk/install/sawControllersCore:/home/utc_sim/ros2_dvrk/install/sawRobotIO1394Core:/home/utc_sim/ros2_dvrk/install/sawKeyboardAll:/home/utc_sim/ros2_dvrk/install/cisst:/home/utc_sim/ros2_dvrk/install/cisstNetlib:/opt/ros/humble:/opt/ros/humble LD_LIBRARY_PATH=/home/utc_sim/ros2_dvrk/install/sawTextToSpeechAll/lib:/home/utc_sim/ros2_dvrk/install/sawControllersCore/lib:/home/utc_sim/ros2_dvrk/install/sawRobotIO1394Core/lib:/home/utc_sim/ros2_dvrk/install/sawKeyboardAll/lib:/home/utc_sim/ros2_dvrk/install/cisst/lib:/home/utc_sim/ros2_dvrk/install/cisst/lib:${LD_LIBRARY_PATH} PATH=/home/utc_sim/ros2_dvrk/install/sawTextToSpeechAll/bin:/home/utc_sim/ros2_dvrk/install/sawControllersCore/bin:/home/utc_sim/ros2_dvrk/install/sawRobotIO1394Core/bin:/home/utc_sim/ros2_dvrk/install/cisst/bin:/home/utc_sim/ros2_dvrk/install/cisst/bin:${PATH} PKG_CONFIG_PATH=/home/utc_sim/ros2_dvrk/install/cisst/lib/aarch64-linux-gnu/pkgconfig:/home/utc_sim/ros2_dvrk/install/cisst/lib/pkgconfig:/home/utc_sim/ros2_dvrk/install/cisstNetlib/lib/aarch64-linux-gnu/pkgconfig:/home/utc_sim/ros2_dvrk/install/cisstNetlib/lib/pkgconfig PYTHONPATH=/home/utc_sim/ros2_dvrk/install/cisst/lib:${PYTHONPATH} ROS_PACKAGE_PATH=/home/utc_sim/ros2_dvrk/install/cisst/share /usr/bin/cmake /home/utc_sim/ros2_dvrk/src/cisst-saw/sawIntuitiveResearchKit/core -DCMAKE_BUILD_TYPE=Release -DCMAKE_INSTALL_PREFIX=/home/utc_sim/ros2_dvrk/install/sawIntuitiveResearchKitCore
[0.576s] Invoking command in '/home/utc_sim/ros2_dvrk/build/sawIntuitiveResearchKitCore': CISST_ROOT=/home/utc_sim/ros2_dvrk/install/cisst CMAKE_PREFIX_PATH=/home/utc_sim/ros2_dvrk/install/sawTextToSpeechAll:/home/utc_sim/ros2_dvrk/install/sawControllersCore:/home/utc_sim/ros2_dvrk/install/sawRobotIO1394Core:/home/utc_sim/ros2_dvrk/install/sawKeyboardAll:/home/utc_sim/ros2_dvrk/install/cisst:/home/utc_sim/ros2_dvrk/install/cisstNetlib:/opt/ros/humble:/opt/ros/humble LD_LIBRARY_PATH=/home/utc_sim/ros2_dvrk/install/sawTextToSpeechAll/lib:/home/utc_sim/ros2_dvrk/install/sawControllersCore/lib:/home/utc_sim/ros2_dvrk/install/sawRobotIO1394Core/lib:/home/utc_sim/ros2_dvrk/install/sawKeyboardAll/lib:/home/utc_sim/ros2_dvrk/install/cisst/lib:/home/utc_sim/ros2_dvrk/install/cisst/lib:${LD_LIBRARY_PATH} PATH=/home/utc_sim/ros2_dvrk/install/sawTextToSpeechAll/bin:/home/utc_sim/ros2_dvrk/install/sawControllersCore/bin:/home/utc_sim/ros2_dvrk/install/sawRobotIO1394Core/bin:/home/utc_sim/ros2_dvrk/install/cisst/bin:/home/utc_sim/ros2_dvrk/install/cisst/bin:${PATH} PKG_CONFIG_PATH=/home/utc_sim/ros2_dvrk/install/cisst/lib/aarch64-linux-gnu/pkgconfig:/home/utc_sim/ros2_dvrk/install/cisst/lib/pkgconfig:/home/utc_sim/ros2_dvrk/install/cisstNetlib/lib/aarch64-linux-gnu/pkgconfig:/home/utc_sim/ros2_dvrk/install/cisstNetlib/lib/pkgconfig PYTHONPATH=/home/utc_sim/ros2_dvrk/install/cisst/lib:${PYTHONPATH} ROS_PACKAGE_PATH=/home/utc_sim/ros2_dvrk/install/cisst/share /usr/bin/cmake --build /home/utc_sim/ros2_dvrk/build/sawIntuitiveResearchKitCore -- -j8 -l8
[0.611s] [  1%] [34m[1mCreating directories for 'gattlibExternal'[0m
[0.669s] [  2%] [34m[1mPerforming download step (git clone) for 'gattlibExternal'[0m
[0.682s] Cloning into 'gattlibExternal'...
[1.396s] HEAD is now at 33a8a27 gattlib-py: Fix/Handle returned error code
[1.450s] [  3%] [34m[1mNo update step for 'gattlibExternal'[0m
[1.465s] [  4%] [34m[1mNo patch step for 'gattlibExternal'[0m
[1.480s] [  5%] [34m[1mPerforming configure step for 'gattlibExternal'[0m
[1.486s] loading initial cache file /home/utc_sim/ros2_dvrk/build/sawIntuitiveResearchKitCore/components/gattlib/tmp/gattlibExternal-cache-Release.cmake
[1.544s] -- The C compiler identification is GNU 11.4.0
[1.602s] -- The CXX compiler identification is GNU 11.4.0
[1.607s] -- Detecting C compiler ABI info
[1.662s] -- Detecting C compiler ABI info - done
[1.668s] -- Check for working C compiler: /usr/bin/cc - skipped
[1.668s] -- Detecting C compile features
[1.668s] -- Detecting C compile features - done
[1.671s] -- Detecting CXX compiler ABI info
[1.721s] -- Detecting CXX compiler ABI info - done
[1.727s] -- Check for working CXX compiler: /usr/bin/c++ - skipped
[1.727s] -- Detecting CXX compile features
[1.727s] -- Detecting CXX compile features - done
[1.733s] -- Found PkgConfig: /usr/bin/pkg-config (found version "0.29.2") 
[1.736s] -- Could NOT find Doxygen (missing: DOXYGEN_EXECUTABLE) 
[1.736s] -- Checking for one of the modules 'bluez'
[1.739s] [31mCMake Error at CMakeLists.txt:37 (message):
[1.739s]   Please install 'libbluetooth-dev'
[1.739s] 
[1.739s] [0m
[1.739s] -- Configuring incomplete, errors occurred!
[1.739s] See also "/home/utc_sim/ros2_dvrk/build/sawIntuitiveResearchKitCore/components/gattlib/src/gattlibExternal-build/CMakeFiles/CMakeOutput.log".
[1.741s] gmake[2]: *** [components/CMakeFiles/gattlibExternal.dir/build.make:93: components/gattlib/src/gattlibExternal-stamp/gattlibExternal-configure] Error 1
[1.742s] gmake[1]: *** [CMakeFiles/Makefile2:274: components/CMakeFiles/gattlibExternal.dir/all] Error 2
[1.742s] gmake: *** [Makefile:156: all] Error 2
[1.744s] Invoked command in '/home/utc_sim/ros2_dvrk/build/sawIntuitiveResearchKitCore' returned '2': CISST_ROOT=/home/utc_sim/ros2_dvrk/install/cisst CMAKE_PREFIX_PATH=/home/utc_sim/ros2_dvrk/install/sawTextToSpeechAll:/home/utc_sim/ros2_dvrk/install/sawControllersCore:/home/utc_sim/ros2_dvrk/install/sawRobotIO1394Core:/home/utc_sim/ros2_dvrk/install/sawKeyboardAll:/home/utc_sim/ros2_dvrk/install/cisst:/home/utc_sim/ros2_dvrk/install/cisstNetlib:/opt/ros/humble:/opt/ros/humble LD_LIBRARY_PATH=/home/utc_sim/ros2_dvrk/install/sawTextToSpeechAll/lib:/home/utc_sim/ros2_dvrk/install/sawControllersCore/lib:/home/utc_sim/ros2_dvrk/install/sawRobotIO1394Core/lib:/home/utc_sim/ros2_dvrk/install/sawKeyboardAll/lib:/home/utc_sim/ros2_dvrk/install/cisst/lib:/home/utc_sim/ros2_dvrk/install/cisst/lib:${LD_LIBRARY_PATH} PATH=/home/utc_sim/ros2_dvrk/install/sawTextToSpeechAll/bin:/home/utc_sim/ros2_dvrk/install/sawControllersCore/bin:/home/utc_sim/ros2_dvrk/install/sawRobotIO1394Core/bin:/home/utc_sim/ros2_dvrk/install/cisst/bin:/home/utc_sim/ros2_dvrk/install/cisst/bin:${PATH} PKG_CONFIG_PATH=/home/utc_sim/ros2_dvrk/install/cisst/lib/aarch64-linux-gnu/pkgconfig:/home/utc_sim/ros2_dvrk/install/cisst/lib/pkgconfig:/home/utc_sim/ros2_dvrk/install/cisstNetlib/lib/aarch64-linux-gnu/pkgconfig:/home/utc_sim/ros2_dvrk/install/cisstNetlib/lib/pkgconfig PYTHONPATH=/home/utc_sim/ros2_dvrk/install/cisst/lib:${PYTHONPATH} ROS_PACKAGE_PATH=/home/utc_sim/ros2_dvrk/install/cisst/share /usr/bin/cmake --build /home/utc_sim/ros2_dvrk/build/sawIntuitiveResearchKitCore -- -j8 -l8
