[01m[K/home/utc_sim/ros2_dvrk/src/cisst-saw/sawIntuitiveResearchKit/ros/dvrk_robot/src/dvrk_pid.cpp:24:10:[m[K [01;31m[Kfatal error: [m[KcisstCommon/cmnQt.h: No such file or directory
   24 | #include [01;31m[K<cisstCommon/cmnQt.h>[m[K
      |          [01;31m[K^~~~~~~~~~~~~~~~~~~~~[m[K
compilation terminated.
gmake[2]: *** [CMakeFiles/dvrk_pid.dir/build.make:76: CMakeFiles/dvrk_pid.dir/src/dvrk_pid.cpp.o] Error 1
gmake[1]: *** [CMakeFiles/Makefile2:141: CMakeFiles/dvrk_pid.dir/all] Error 2
gmake[1]: *** Waiting for unfinished jobs....
gmake: *** [Makefile:146: all] Error 2
