[0mBuild DBus gattlib for Bluez v5.64[0m
[0mPackage Gattlib for development version [0m
In file included from [01m[K/usr/include/string.h:535[m[K,
                 from [01m[K/usr/include/glib-2.0/glib/galloca.h:33[m[K,
                 from [01m[K/usr/include/glib-2.0/glib.h:30[m[K,
                 from [01m[K/home/utc_sim/ros2_dvrk/build/sawIntuitiveResearchKitCore/components/gattlib/src/gattlibExternal/dbus/gattlib.c:7[m[K:
In function â€˜[01m[Kstrncpy[m[Kâ€™,
    inlined from â€˜[01m[Kget_device_path_from_mac_with_adapter[m[Kâ€™ at [01m[K/home/utc_sim/ros2_dvrk/build/sawIntuitiveResearchKitCore/components/gattlib/src/gattlibExternal/dbus/gattlib.c:70:2[m[K:
[01m[K/usr/include/aarch64-linux-gnu/bits/string_fortified.h:95:10:[m[K [01;35m[Kwarning: [m[Kâ€˜[01m[K__builtin_strncpy[m[Kâ€™ specified bound 21 equals destination size [[01;35m[K]8;;https://gcc.gnu.org/onlinedocs/gcc/Warning-Options.html#index-Wstringop-truncation-Wstringop-truncation]8;;[m[K]
   95 |   return [01;35m[K__builtin___strncpy_chk (__dest, __src, __len,[m[K
      |          [01;35m[K^~~~~~~~~~~~~~~~~~~~~~~~~~~~~~~~~~~~~~~~~~~~~~[m[K
   96 | [01;35m[K                                  __glibc_objsize (__dest))[m[K;
      |                                   [01;35m[K~~~~~~~~~~~~~~~~~~~~~~~~~[m[K
In function â€˜[01m[Kstrncpy[m[Kâ€™,
    inlined from â€˜[01m[Kget_device_path_from_mac[m[Kâ€™ at [01m[K/home/utc_sim/ros2_dvrk/build/sawIntuitiveResearchKitCore/components/gattlib/src/gattlibExternal/dbus/gattlib.c:97:2[m[K:
[01m[K/usr/include/aarch64-linux-gnu/bits/string_fortified.h:95:10:[m[K [01;35m[Kwarning: [m[Kâ€˜[01m[K__builtin_strncpy[m[Kâ€™ specified bound 21 equals destination size [[01;35m[K]8;;https://gcc.gnu.org/onlinedocs/gcc/Warning-Options.html#index-Wstringop-truncation-Wstringop-truncation]8;;[m[K]
   95 |   return [01;35m[K__builtin___strncpy_chk (__dest, __src, __len,[m[K
      |          [01;35m[K^~~~~~~~~~~~~~~~~~~~~~~~~~~~~~~~~~~~~~~~~~~~~~[m[K
   96 | [01;35m[K                                  __glibc_objsize (__dest))[m[K;
      |                                   [01;35m[K~~~~~~~~~~~~~~~~~~~~~~~~~[m[K
[01m[K/home/utc_sim/ros2_dvrk/build/sawIntuitiveResearchKitCore/components/gattlib/src/gattlibExternal/dbus/gattlib_stream.c:[m[K In function â€˜[01m[Kgattlib_write_char_stream_write[m[Kâ€™:
[01m[K/home/utc_sim/ros2_dvrk/build/sawIntuitiveResearchKitCore/components/gattlib/src/gattlibExternal/dbus/gattlib_stream.c:72:9:[m[K [01;35m[Kwarning: [m[Kignoring return value of â€˜[01m[Kwrite[m[Kâ€™ declared with attribute â€˜[01m[Kwarn_unused_result[m[Kâ€™ [[01;35m[K]8;;https://gcc.gnu.org/onlinedocs/gcc/Warning-Options.html#index-Wunused-result-Wunused-result]8;;[m[K]
   72 |         [01;35m[Kwrite((unsigned long)stream, buffer, buffer_len)[m[K;
      |         [01;35m[K^~~~~~~~~~~~~~~~~~~~~~~~~~~~~~~~~~~~~~~~~~~~~~~~[m[K
[01m[K/home/utc_sim/ros2_dvrk/src/cisst-saw/sawIntuitiveResearchKit/core/components/code/robManipulatorMTM.cpp:[m[K In member function â€˜[01m[Kdouble robManipulatorMTM::ComputeGimbalIK(vctDynamicVector<double>&, const vctFrame4x4<double, true>&) const[m[Kâ€™:
[01m[K/home/utc_sim/ros2_dvrk/src/cisst-saw/sawIntuitiveResearchKit/core/components/code/robManipulatorMTM.cpp:156:12:[m[K [01;35m[Kwarning: [m[Kvariable â€˜[01m[Kq3[m[Kâ€™ set but not used [[01;35m[K]8;;https://gcc.gnu.org/onlinedocs/gcc/Warning-Options.html#index-Wunused-but-set-variable-Wunused-but-set-variable]8;;[m[K]
  156 |     double [01;35m[Kq3[m[K, q4, q5, q6;
      |            [01;35m[K^~[m[K
[01m[K/home/utc_sim/ros2_dvrk/src/cisst-saw/sawIntuitiveResearchKit/core/components/code/robManipulatorMTM.cpp:254:1:[m[K [01;35m[Kwarning: [m[Kno return statement in function returning non-void [[01;35m[K]8;;https://gcc.gnu.org/onlinedocs/gcc/Warning-Options.html#index-Wreturn-type-Wreturn-type]8;;[m[K]
  254 | [01;35m[K}[m[K
      | [01;35m[K^[m[K
[01m[K/home/utc_sim/ros2_dvrk/src/cisst-saw/sawIntuitiveResearchKit/core/components/code/robManipulatorMTM.cpp:[m[K In member function â€˜[01m[Kdouble robManipulatorMTM::FindOptimalPlatformAngle(const vctDynamicVector<double>&, const vctFrame4x4<double, true>&) const[m[Kâ€™:
[01m[K/home/utc_sim/ros2_dvrk/src/cisst-saw/sawIntuitiveResearchKit/core/components/code/robManipulatorMTM.cpp:422:16:[m[K [01;35m[Kwarning: [m[Kvariable â€˜[01m[Ke[m[Kâ€™ set but not used [[01;35m[K]8;;https://gcc.gnu.org/onlinedocs/gcc/Warning-Options.html#index-Wunused-but-set-variable-Wunused-but-set-variable]8;;[m[K]
  422 |         double [01;35m[Ke[m[K;
      |                [01;35m[K^[m[K
[01m[K/home/utc_sim/ros2_dvrk/src/cisst-saw/sawIntuitiveResearchKit/core/components/code/robManipulatorMTM.cpp:450:1:[m[K [01;35m[Kwarning: [m[Kcontrol reaches end of non-void function [[01;35m[K]8;;https://gcc.gnu.org/onlinedocs/gcc/Warning-Options.html#index-Wreturn-type-Wreturn-type]8;;[m[K]
  450 | [01;35m[K}[m[K
      | [01;35m[K^[m[K
[01m[K/home/utc_sim/ros2_dvrk/src/cisst-saw/sawIntuitiveResearchKit/core/components/code/arm_proxy.cpp:[m[K In lambda function:
[01m[K/home/utc_sim/ros2_dvrk/src/cisst-saw/sawIntuitiveResearchKit/core/components/code/arm_proxy.cpp:224:110:[m[K [01;35m[Kwarning: [m[Kunused parameter â€˜[01m[Kp[m[Kâ€™ [[01;35m[K]8;;https://gcc.gnu.org/onlinedocs/gcc/Warning-Options.html#index-Wunused-parameter-Wunused-parameter]8;;[m[K]
  224 | IntuitiveResearchKitMTM>(mtm, []([01;35m[KmtsIntuitiveResearchKitMTM * p[m[K){ ; });
      |                                  [01;35m[K~~~~~~~~~~~~~~~~~~~~~~~~~~~~~^[m[K

[01m[K/home/utc_sim/ros2_dvrk/src/cisst-saw/sawIntuitiveResearchKit/core/components/code/mtsHIDHeadSensor.cpp:19:10:[m[K [01;31m[Kfatal error: [m[Khidapi/hidapi.h: No such file or directory
   19 | #include [01;31m[K<hidapi/hidapi.h>[m[K
      |          [01;31m[K^~~~~~~~~~~~~~~~~[m[K
compilation terminated.
gmake[2]: *** [components/CMakeFiles/sawIntuitiveResearchKit.dir/build.make:628: components/CMakeFiles/sawIntuitiveResearchKit.dir/code/mtsHIDHeadSensor.cpp.o] Error 1
gmake[1]: *** [CMakeFiles/Makefile2:300: components/CMakeFiles/sawIntuitiveResearchKit.dir/all] Error 2
gmake: *** [Makefile:156: all] Error 2
